


ARM Macro Assembler    Page 1 


    1 00000000         ;/******************************************************
                       ***********************
    2 00000000         ; * @file:    startup_CM0.s
    3 00000000         ; * @purpose: CMSIS Cortex-M0 Core Device Startup File 
    4 00000000         ; *           for the ARM 'Microcontroller Prototyping S
                       ystem' 
    5 00000000         ; * @version: V1.0
    6 00000000         ; * @date:    
    7 00000000         ; *
    8 00000000         ; ******************************************************
                       ***********************/
    9 00000000 00000800 
                       Stack_Size
                               EQU              0x00000800
   10 00000000 00000000 
                       Heap_Size
                               EQU              0x00000000
   11 00000000         ;__initial_sp    EQU    0x20003000       ;Define SP size
                       
   12 00000000         
   13 00000000                 AREA             STACK, NOINIT, READWRITE, ALIGN
=3
   14 00000000         Stack_Mem
                               SPACE            Stack_Size
   15 00000800         __initial_sp
   16 00000800         
   17 00000800                 AREA             HEAP, NOINIT, READWRITE, ALIGN=
3
   18 00000000         __heap_base
   19 00000000         Heap_Mem
                               SPACE            Heap_Size
   20 00000000         __heap_limit
   21 00000000         
   22 00000000                 PRESERVE8
   23 00000000                 THUMB
   24 00000000         
   25 00000000         ; Vector Table Mapped to Address 0 at Reset
   26 00000000         
   27 00000000                 AREA             RESET, DATA, READONLY
   28 00000000                 EXPORT           __Vectors
   29 00000000         
   30 00000000         __Vectors
   31 00000000 00000000        DCD              __initial_sp ; Top of Stack
   32 00000004 00000000        DCD              Reset_Handler ; Reset Handler
   33 00000008 00000000        DCD              NMI_Handler ; NMI Handler
   34 0000000C 00000000        DCD              HardFault_Handler ; Hard Fault 
                                                            Handler
   35 00000010 00000000        DCD              MemManage_Handler 
                                                            ; MPU Fault Handler
                                                            
   36 00000014 00000000        DCD              BusFault_Handler 
                                                            ; Bus Fault Handler
                                                            
   37 00000018 00000000        DCD              UsageFault_Handler ; Usage Faul
                                                            t Handler
   38 0000001C 00000000        DCD              0           ; Reserved
   39 00000020 00000000        DCD              0           ; Reserved
   40 00000024 00000000        DCD              0           ; Reserved
   41 00000028 00000000        DCD              0           ; Reserved



ARM Macro Assembler    Page 2 


   42 0000002C 00000000        DCD              SVC_Handler ; SVCall Handler,SW
                                                            I
   43 00000030 00000000        DCD              DebugMon_Handler ; Debug Monito
                                                            r Handler
   44 00000034 00000000        DCD              0           ; Reserved
   45 00000038 00000000        DCD              PendSV_Handler ; PendSV Handler
                                                            
   46 0000003C 00000000        DCD              SysTick_Handler 
                                                            ; SysTick Handler
   47 00000040         
   48 00000040         ; External Interrupts
   49 00000040 00000000        DCD              WDT_IRQHandler ; 0:  WDT_IRQHan
                                                            dler 
   50 00000044 00000000        DCD              LVD_IRQHandler ; 1:  LVD_IRQHan
                                                            dler               
                                                                  
   51 00000048 00000000        DCD              RTC_IRQHandler ; 2:  RTC_IRQHan
                                                            dler
   52 0000004C 00000000        DCD              RSV1_IRQHandler ; 3:           
                                                                     
   53 00000050 00000000        DCD              EFC_IRQHandler ; 4:  EFC_IRQHan
                                                            dler 
   54 00000054 00000000        DCD              SRAM_PARITY_IRQHandler ; 5:  SR
                                                            AM_PARITY_IRQHandle
                                                            r
   55 00000058 00000000        DCD              CLKRDY_IRQHandler ; 6:  CLKRDY_
                                                            IRQHandler    
   56 0000005C 00000000        DCD              EXTI0_IRQHandler ; 7:  EXTI0_IR
                                                            QHandler     
   57 00000060 00000000        DCD              EXTI1_IRQHandler ; 8:  EXTI1_IR
                                                            QHandler     
   58 00000064 00000000        DCD              EXTI2_IRQHandler ; 9:  EXTI2_IR
                                                            QHandler
   59 00000068 00000000        DCD              EXTI3_IRQHandler ; 10: EXTI3_IR
                                                            QHandler    
   60 0000006C 00000000        DCD              EXTI4_IRQHandler ; 11: EXTI4_IR
                                                            QHandler    
   61 00000070 00000000        DCD              DMA1_IRQHandler ; 12: DMA1_IRQH
                                                            andler    
   62 00000074 00000000        DCD              DMA2_IRQHandler ; 13: DMA2_IRQH
                                                            andler    
   63 00000078 00000000        DCD              ADC1_2_IRQHandler ; 14: ADC1_2_
                                                            IRQHandler    
   64 0000007C 00000000        DCD              RSV2_IRQHandler ; 15:        
   65 00000080 00000000        DCD              DAC_IRQHandler ; 16: DAC_IRQHan
                                                            dler    
   66 00000084 00000000        DCD              COMP1_2_IRQHandler ; 17: COMP1_
                                                            2_IRQHandler
   67 00000088 00000000        DCD              USB_IRQHandler ; 18: USB_IRQHan
                                                            dler    
   68 0000008C 00000000        DCD              CAN1_IRQHandler ; 19: CAN1_IRQH
                                                            andler
   69 00000090 00000000        DCD              CAN2_IRQHandler ; 20: CAN2_IRQH
                                                            andler    
   70 00000094 00000000        DCD              EXTI9_5_IRQHandler ; 21: EXTI9_
                                                            5_IRQHandler    
   71 00000098 00000000        DCD              TIM1_BRK_UP_TRG_COM_IRQHandler 
                                                            ; 22: TIM1_BRK_UP_T
                                                            RG_COM_IRQHandler



ARM Macro Assembler    Page 3 


   72 0000009C 00000000        DCD              TIM1_CC_IRQHandler ; 23: TIM1_C
                                                            C_IRQHandler
   73 000000A0 00000000        DCD              TIM2_IRQHandler ; 24: TIM2_IRQH
                                                            andler
   74 000000A4 00000000        DCD              TIM3_IRQHandler ; 25: TIM3_IRQH
                                                            andler 
   75 000000A8 00000000        DCD              TIM6_IRQHandler ; 26: TIM6_IRQH
                                                            andler
   76 000000AC 00000000        DCD              TIM7_IRQHandler ; 27: TIM7_IRQH
                                                            andler
   77 000000B0 00000000        DCD              TIM8_BRK_UP_TRG_COM_IRQHandler 
                                                            ; 28: TIM8_BRK_UP_T
                                                            RG_COM_IRQHandler
   78 000000B4 00000000        DCD              TIM8_CC_IRQHandler ; 29: TIM8_C
                                                            C_IRQHandler
   79 000000B8 00000000        DCD              TIM15_IRQHandler ; 30: TIM15_IR
                                                            QHandler    
   80 000000BC 00000000        DCD              TIM16_IRQHandler ; 31: TIM16_IR
                                                            QHandler
   81 000000C0 00000000        DCD              TIM17_IRQHandler ; 32: TIM17_IR
                                                            QHandler        
   82 000000C4 00000000        DCD              I2C1_IRQHandler ; 33: I2C1_IRQH
                                                            andler     
   83 000000C8 00000000        DCD              I2C2_IRQHandler ; 34: I2C2_IRQH
                                                            andler    
   84 000000CC 00000000        DCD              SPI1_IRQHandler ; 35: SPI1_IRQH
                                                            andler     
   85 000000D0 00000000        DCD              SPI2_IRQHandler ; 36: SPI2_IRQH
                                                            andler    
   86 000000D4 00000000        DCD              SPI3_IRQHandler ; 37: SPI3_IRQH
                                                            andler    
   87 000000D8 00000000        DCD              I2S1_IRQHandler ; 38: I2S1_IRQH
                                                            andler    
   88 000000DC 00000000        DCD              I2S2_IRQHandler ; 39: I2S2_IRQH
                                                            andler
   89 000000E0 00000000        DCD              UART1_IRQHandler ; 40: UART1_IR
                                                            QHandler     
   90 000000E4 00000000        DCD              UART2_IRQHandler ; 41: UART2_IR
                                                            QHandler
   91 000000E8 00000000        DCD              UART3_IRQHandler ; 42: UART3_IR
                                                            QHandler
   92 000000EC 00000000        DCD              UART4_IRQHandler ; 43: UART4_IR
                                                            QHandler
   93 000000F0 00000000        DCD              EXTI15_10_IRQHandler ; 44: EXTI
                                                            15_10_IRQhandler
   94 000000F4 00000000        DCD              USB_WAKEUP_IRQHandler ; 45: USB
                                                            _WAKEUP_IRQHandler
   95 000000F8 00000000        DCD              LPUART1_IRQHandler ; 46: LPUART
                                                            1_IRQHandler
   96 000000FC 00000000        DCD              LPTIM1_IRQHandler ; 47: LPTIM1_
                                                            IRQHandler
   97 00000100 00000000        DCD              RSV3_IRQHandler ; 48:
   98 00000104 00000000        DCD              AES_IRQHandler ; 49: AES_IRQHan
                                                            dler
   99 00000108 00000000        DCD              FPU_IRQHandler ; 50: FPU_IRQHan
                                                            dler
  100 0000010C 00000000        DCD              RSV4_IRQHandler ; 51:
  101 00000110 00000000        DCD              STOP_RESET_IRQHandler ; 52: STO
                                                            P_RESET_IRQHandler 



ARM Macro Assembler    Page 4 


                                                                   
  102 00000114 00000000        DCD              TIM4_IRQHandler ; 53: TIM4_IRQH
                                                            andler 
  103 00000118 00000000        DCD              COMP3_4_IRQHandler ; 54: COMP3_
                                                            4_IRQHandler
  104 0000011C 00000000        DCD              IWDT_WAKEUP_IRQHandler ; 55: IW
                                                            DT_WAKEUP_IRQHandle
                                                            r
  105 00000120                 AREA             |.text|, CODE, READONLY
  106 00000000         
  107 00000000         Reset_Handler
                               PROC
  108 00000000                 EXPORT           Reset_Handler             [WEAK
]
  109 00000000                 IMPORT           __main
  110 00000000                 IMPORT           SystemInit
  111 00000000         
  112 00000000         
  113 00000000         
  114 00000000 4806            LDR              R0, =SystemInit
  115 00000002 4780            BLX              R0
  116 00000004         
  117 00000004         
  118 00000004 4806            LDR              R0, =__main
  119 00000006 4700            BX               R0          ;
  120 00000008                 ENDP
  121 00000008         
  122 00000008         
  123 00000008         NMI_Handler
                               PROC
  124 00000008                 EXPORT           NMI_Handler                [WEA
K]
  125 00000008 E7FE            B                .
  126 0000000A                 ENDP
  128 0000000A         HardFault_Handler
                               PROC
  129 0000000A                 EXPORT           HardFault_Handler          [WEA
K]
  130 0000000A E7FE            B                .
  131 0000000C                 ENDP
  133 0000000C         MemManage_Handler
                               PROC
  134 0000000C                 EXPORT           MemManage_Handler          [WEA
K]
  135 0000000C E7FE            B                .
  136 0000000E                 ENDP
  138 0000000E         BusFault_Handler
                               PROC
  139 0000000E                 EXPORT           BusFault_Handler           [WEA
K]
  140 0000000E E7FE            B                .
  141 00000010                 ENDP
  143 00000010         UsageFault_Handler
                               PROC
  144 00000010                 EXPORT           UsageFault_Handler         [WEA
K]
  145 00000010 E7FE            B                .
  146 00000012                 ENDP
  147 00000012         SVC_Handler



ARM Macro Assembler    Page 5 


                               PROC
  148 00000012                 EXPORT           SVC_Handler                [WEA
K]
  149 00000012 E7FE            B                .
  150 00000014                 ENDP
  152 00000014         DebugMon_Handler
                               PROC
  153 00000014                 EXPORT           DebugMon_Handler           [WEA
K]
  154 00000014 E7FE            B                .
  155 00000016                 ENDP
  156 00000016         PendSV_Handler
                               PROC
  157 00000016                 EXPORT           PendSV_Handler             [WEA
K]
  158 00000016 E7FE            B                .
  159 00000018                 ENDP
  160 00000018         SysTick_Handler
                               PROC
  161 00000018                 EXPORT           SysTick_Handler            [WEA
K]
  162 00000018 E7FE            B                .
  163 0000001A                 ENDP
  164 0000001A         
  165 0000001A         Default_Handler
                               PROC
  166 0000001A                 EXPORT           WDT_IRQHandler             [WEA
K]
  167 0000001A                 EXPORT           LVD_IRQHandler             [WEA
K]
  168 0000001A                 EXPORT           RTC_IRQHandler             [WEA
K]
  169 0000001A                 EXPORT           RSV1_IRQHandler            [WEA
K]
  170 0000001A                 EXPORT           EFC_IRQHandler             [WEA
K]
  171 0000001A                 EXPORT           SRAM_PARITY_IRQHandler     [WEA
K]
  172 0000001A                 EXPORT           CLKRDY_IRQHandler          [WEA
K]
  173 0000001A                 EXPORT           EXTI0_IRQHandler           [WEA
K]
  174 0000001A                 EXPORT           EXTI1_IRQHandler           [WEA
K]
  175 0000001A                 EXPORT           EXTI2_IRQHandler           [WEA
K]
  176 0000001A                 EXPORT           EXTI3_IRQHandler           [WEA
K]
  177 0000001A                 EXPORT           EXTI4_IRQHandler           [WEA
K]
  178 0000001A                 EXPORT           DMA1_IRQHandler            [WEA
K]
  179 0000001A                 EXPORT           DMA2_IRQHandler            [WEA
K]
  180 0000001A                 EXPORT           ADC1_2_IRQHandler          [WEA
K]
  181 0000001A                 EXPORT           RSV2_IRQHandler            [WEA
K]
  182 0000001A                 EXPORT           DAC_IRQHandler             [WEA



ARM Macro Assembler    Page 6 


K]
  183 0000001A                 EXPORT           COMP1_2_IRQHandler         [WEA
K]
  184 0000001A                 EXPORT           USB_IRQHandler             [WEA
K]
  185 0000001A                 EXPORT           CAN1_IRQHandler            [WEA
K]
  186 0000001A                 EXPORT           CAN2_IRQHandler            [WEA
K]
  187 0000001A                 EXPORT           EXTI9_5_IRQHandler         [WEA
K]
  188 0000001A                 EXPORT           TIM1_BRK_UP_TRG_COM_IRQHandler 
[WEAK]
  189 0000001A                 EXPORT           TIM1_CC_IRQHandler         [WEA
K]
  190 0000001A                 EXPORT           TIM2_IRQHandler            [WEA
K]
  191 0000001A                 EXPORT           TIM3_IRQHandler            [WEA
K]
  192 0000001A                 EXPORT           TIM6_IRQHandler            [WEA
K]
  193 0000001A                 EXPORT           TIM7_IRQHandler            [WEA
K]
  194 0000001A                 EXPORT           TIM8_BRK_UP_TRG_COM_IRQHandler 
[WEAK]
  195 0000001A                 EXPORT           TIM8_CC_IRQHandler         [WEA
K]
  196 0000001A                 EXPORT           TIM15_IRQHandler           [WEA
K]
  197 0000001A                 EXPORT           TIM16_IRQHandler           [WEA
K]
  198 0000001A                 EXPORT           TIM17_IRQHandler           [WEA
K]
  199 0000001A                 EXPORT           I2C1_IRQHandler            [WEA
K]
  200 0000001A                 EXPORT           I2C2_IRQHandler            [WEA
K]
  201 0000001A                 EXPORT           SPI1_IRQHandler            [WEA
K]
  202 0000001A                 EXPORT           SPI2_IRQHandler            [WEA
K]
  203 0000001A                 EXPORT           SPI3_IRQHandler            [WEA
K]
  204 0000001A                 EXPORT           I2S1_IRQHandler            [WEA
K]
  205 0000001A                 EXPORT           I2S2_IRQHandler            [WEA
K]
  206 0000001A                 EXPORT           UART1_IRQHandler           [WEA
K]
  207 0000001A                 EXPORT           UART2_IRQHandler           [WEA
K]
  208 0000001A                 EXPORT           UART3_IRQHandler           [WEA
K]
  209 0000001A                 EXPORT           UART4_IRQHandler           [WEA
K]
  210 0000001A                 EXPORT           EXTI15_10_IRQHandler       [WEA
K]
  211 0000001A                 EXPORT           USB_WAKEUP_IRQHandler      [WEA
K]



ARM Macro Assembler    Page 7 


  212 0000001A                 EXPORT           LPUART1_IRQHandler         [WEA
K]
  213 0000001A                 EXPORT           LPTIM1_IRQHandler          [WEA
K]
  214 0000001A                 EXPORT           RSV3_IRQHandler            [WEA
K]
  215 0000001A                 EXPORT           AES_IRQHandler             [WEA
K]
  216 0000001A                 EXPORT           FPU_IRQHandler             [WEA
K]
  217 0000001A                 EXPORT           RSV4_IRQHandler            [WEA
K]
  218 0000001A                 EXPORT           STOP_RESET_IRQHandler      [WEA
K]
  219 0000001A                 EXPORT           TIM4_IRQHandler            [WEA
K]
  220 0000001A                 EXPORT           COMP3_4_IRQHandler         [WEA
K]
  221 0000001A                 EXPORT           IWDT_WAKEUP_IRQHandler     [WEA
K]
  222 0000001A         
  223 0000001A         
  224 0000001A         WDT_IRQHandler
  225 0000001A         LVD_IRQHandler
  226 0000001A         RTC_IRQHandler
  227 0000001A         RSV1_IRQHandler
  228 0000001A         EFC_IRQHandler
  229 0000001A         SRAM_PARITY_IRQHandler
  230 0000001A         CLKRDY_IRQHandler
  231 0000001A         EXTI0_IRQHandler
  232 0000001A         EXTI1_IRQHandler
  233 0000001A         EXTI2_IRQHandler
  234 0000001A         EXTI3_IRQHandler
  235 0000001A         EXTI4_IRQHandler
  236 0000001A         DMA1_IRQHandler
  237 0000001A         DMA2_IRQHandler
  238 0000001A         ADC1_2_IRQHandler
  239 0000001A         RSV2_IRQHandler
  240 0000001A         DAC_IRQHandler
  241 0000001A         COMP1_2_IRQHandler
  242 0000001A         USB_IRQHandler
  243 0000001A         CAN1_IRQHandler
  244 0000001A         CAN2_IRQHandler
  245 0000001A         EXTI9_5_IRQHandler
  246 0000001A         TIM1_BRK_UP_TRG_COM_IRQHandler
  247 0000001A         TIM1_CC_IRQHandler
  248 0000001A         TIM2_IRQHandler
  249 0000001A         TIM3_IRQHandler
  250 0000001A         TIM6_IRQHandler
  251 0000001A         TIM7_IRQHandler
  252 0000001A         TIM8_BRK_UP_TRG_COM_IRQHandler
  253 0000001A         TIM8_CC_IRQHandler
  254 0000001A         TIM15_IRQHandler
  255 0000001A         TIM16_IRQHandler
  256 0000001A         TIM17_IRQHandler
  257 0000001A         I2C1_IRQHandler
  258 0000001A         I2C2_IRQHandler
  259 0000001A         SPI1_IRQHandler
  260 0000001A         SPI2_IRQHandler



ARM Macro Assembler    Page 8 


  261 0000001A         SPI3_IRQHandler
  262 0000001A         I2S1_IRQHandler
  263 0000001A         I2S2_IRQHandler
  264 0000001A         UART1_IRQHandler
  265 0000001A         UART2_IRQHandler
  266 0000001A         UART3_IRQHandler
  267 0000001A         UART4_IRQHandler
  268 0000001A         EXTI15_10_IRQHandler
  269 0000001A         USB_WAKEUP_IRQHandler
  270 0000001A         LPUART1_IRQHandler
  271 0000001A         LPTIM1_IRQHandler
  272 0000001A         RSV3_IRQHandler
  273 0000001A         AES_IRQHandler
  274 0000001A         FPU_IRQHandler
  275 0000001A         RSV4_IRQHandler
  276 0000001A         STOP_RESET_IRQHandler
  277 0000001A         TIM4_IRQHandler
  278 0000001A         COMP3_4_IRQHandler
  279 0000001A         IWDT_WAKEUP_IRQHandler
  280 0000001A E7FE            B                .
  281 0000001C                 ENDP
  282 0000001C         
  283 0000001C                 ALIGN
  284 0000001C         
  285 0000001C         ; User Initial Stack & Heap
  286 0000001C         
  287 0000001C                 IF               :DEF:__MICROLIB
  288 0000001C         
  289 0000001C                 EXPORT           __initial_sp
  290 0000001C                 EXPORT           __heap_base
  291 0000001C                 EXPORT           __heap_limit
  292 0000001C         
  293 0000001C                 ELSE
  307                          ENDIF
  308 0000001C         
  309 0000001C                 END
              00000000 
              00000000 
Command Line: --debug --xref --diag_suppress=9931 --cpu=Cortex-M33 --fpu=FPv5-S
P --depend=.\objects\startup_acm32g103.d -o.\objects\startup_acm32g103.o -IC:\K
eil_v5\ARM\CMSIS\Include --predefine="__MICROLIB SETA 1" --predefine="__UVISION
_VERSION SETA 533" --list=.\listings\startup_acm32g103.lst startup_acm32g103.s



ARM Macro Assembler    Page 1 Alphabetic symbol ordering
Relocatable symbols

STACK 00000000

Symbol: STACK
   Definitions
      At line 13 in file startup_acm32g103.s
   Uses
      None
Comment: STACK unused
Stack_Mem 00000000

Symbol: Stack_Mem
   Definitions
      At line 14 in file startup_acm32g103.s
   Uses
      None
Comment: Stack_Mem unused
__initial_sp 00000800

Symbol: __initial_sp
   Definitions
      At line 15 in file startup_acm32g103.s
   Uses
      At line 31 in file startup_acm32g103.s
      At line 289 in file startup_acm32g103.s

3 symbols



ARM Macro Assembler    Page 1 Alphabetic symbol ordering
Relocatable symbols

HEAP 00000000

Symbol: HEAP
   Definitions
      At line 17 in file startup_acm32g103.s
   Uses
      None
Comment: HEAP unused
Heap_Mem 00000000

Symbol: Heap_Mem
   Definitions
      At line 19 in file startup_acm32g103.s
   Uses
      None
Comment: Heap_Mem unused
__heap_base 00000000

Symbol: __heap_base
   Definitions
      At line 18 in file startup_acm32g103.s
   Uses
      At line 290 in file startup_acm32g103.s
Comment: __heap_base used once
__heap_limit 00000000

Symbol: __heap_limit
   Definitions
      At line 20 in file startup_acm32g103.s
   Uses
      At line 291 in file startup_acm32g103.s
Comment: __heap_limit used once
4 symbols



ARM Macro Assembler    Page 1 Alphabetic symbol ordering
Relocatable symbols

RESET 00000000

Symbol: RESET
   Definitions
      At line 27 in file startup_acm32g103.s
   Uses
      None
Comment: RESET unused
__Vectors 00000000

Symbol: __Vectors
   Definitions
      At line 30 in file startup_acm32g103.s
   Uses
      At line 28 in file startup_acm32g103.s
Comment: __Vectors used once
2 symbols



ARM Macro Assembler    Page 1 Alphabetic symbol ordering
Relocatable symbols

.text 00000000

Symbol: .text
   Definitions
      At line 105 in file startup_acm32g103.s
   Uses
      None
Comment: .text unused
ADC1_2_IRQHandler 0000001A

Symbol: ADC1_2_IRQHandler
   Definitions
      At line 238 in file startup_acm32g103.s
   Uses
      At line 63 in file startup_acm32g103.s
      At line 180 in file startup_acm32g103.s

AES_IRQHandler 0000001A

Symbol: AES_IRQHandler
   Definitions
      At line 273 in file startup_acm32g103.s
   Uses
      At line 98 in file startup_acm32g103.s
      At line 215 in file startup_acm32g103.s

BusFault_Handler 0000000E

Symbol: BusFault_Handler
   Definitions
      At line 138 in file startup_acm32g103.s
   Uses
      At line 36 in file startup_acm32g103.s
      At line 139 in file startup_acm32g103.s

CAN1_IRQHandler 0000001A

Symbol: CAN1_IRQHandler
   Definitions
      At line 243 in file startup_acm32g103.s
   Uses
      At line 68 in file startup_acm32g103.s
      At line 185 in file startup_acm32g103.s

CAN2_IRQHandler 0000001A

Symbol: CAN2_IRQHandler
   Definitions
      At line 244 in file startup_acm32g103.s
   Uses
      At line 69 in file startup_acm32g103.s
      At line 186 in file startup_acm32g103.s

CLKRDY_IRQHandler 0000001A

Symbol: CLKRDY_IRQHandler
   Definitions
      At line 230 in file startup_acm32g103.s
   Uses



ARM Macro Assembler    Page 2 Alphabetic symbol ordering
Relocatable symbols

      At line 55 in file startup_acm32g103.s
      At line 172 in file startup_acm32g103.s

COMP1_2_IRQHandler 0000001A

Symbol: COMP1_2_IRQHandler
   Definitions
      At line 241 in file startup_acm32g103.s
   Uses
      At line 66 in file startup_acm32g103.s
      At line 183 in file startup_acm32g103.s

COMP3_4_IRQHandler 0000001A

Symbol: COMP3_4_IRQHandler
   Definitions
      At line 278 in file startup_acm32g103.s
   Uses
      At line 103 in file startup_acm32g103.s
      At line 220 in file startup_acm32g103.s

DAC_IRQHandler 0000001A

Symbol: DAC_IRQHandler
   Definitions
      At line 240 in file startup_acm32g103.s
   Uses
      At line 65 in file startup_acm32g103.s
      At line 182 in file startup_acm32g103.s

DMA1_IRQHandler 0000001A

Symbol: DMA1_IRQHandler
   Definitions
      At line 236 in file startup_acm32g103.s
   Uses
      At line 61 in file startup_acm32g103.s
      At line 178 in file startup_acm32g103.s

DMA2_IRQHandler 0000001A

Symbol: DMA2_IRQHandler
   Definitions
      At line 237 in file startup_acm32g103.s
   Uses
      At line 62 in file startup_acm32g103.s
      At line 179 in file startup_acm32g103.s

DebugMon_Handler 00000014

Symbol: DebugMon_Handler
   Definitions
      At line 152 in file startup_acm32g103.s
   Uses
      At line 43 in file startup_acm32g103.s
      At line 153 in file startup_acm32g103.s

Default_Handler 0000001A




ARM Macro Assembler    Page 3 Alphabetic symbol ordering
Relocatable symbols

Symbol: Default_Handler
   Definitions
      At line 165 in file startup_acm32g103.s
   Uses
      None
Comment: Default_Handler unused
EFC_IRQHandler 0000001A

Symbol: EFC_IRQHandler
   Definitions
      At line 228 in file startup_acm32g103.s
   Uses
      At line 53 in file startup_acm32g103.s
      At line 170 in file startup_acm32g103.s

EXTI0_IRQHandler 0000001A

Symbol: EXTI0_IRQHandler
   Definitions
      At line 231 in file startup_acm32g103.s
   Uses
      At line 56 in file startup_acm32g103.s
      At line 173 in file startup_acm32g103.s

EXTI15_10_IRQHandler 0000001A

Symbol: EXTI15_10_IRQHandler
   Definitions
      At line 268 in file startup_acm32g103.s
   Uses
      At line 93 in file startup_acm32g103.s
      At line 210 in file startup_acm32g103.s

EXTI1_IRQHandler 0000001A

Symbol: EXTI1_IRQHandler
   Definitions
      At line 232 in file startup_acm32g103.s
   Uses
      At line 57 in file startup_acm32g103.s
      At line 174 in file startup_acm32g103.s

EXTI2_IRQHandler 0000001A

Symbol: EXTI2_IRQHandler
   Definitions
      At line 233 in file startup_acm32g103.s
   Uses
      At line 58 in file startup_acm32g103.s
      At line 175 in file startup_acm32g103.s

EXTI3_IRQHandler 0000001A

Symbol: EXTI3_IRQHandler
   Definitions
      At line 234 in file startup_acm32g103.s
   Uses
      At line 59 in file startup_acm32g103.s
      At line 176 in file startup_acm32g103.s



ARM Macro Assembler    Page 4 Alphabetic symbol ordering
Relocatable symbols


EXTI4_IRQHandler 0000001A

Symbol: EXTI4_IRQHandler
   Definitions
      At line 235 in file startup_acm32g103.s
   Uses
      At line 60 in file startup_acm32g103.s
      At line 177 in file startup_acm32g103.s

EXTI9_5_IRQHandler 0000001A

Symbol: EXTI9_5_IRQHandler
   Definitions
      At line 245 in file startup_acm32g103.s
   Uses
      At line 70 in file startup_acm32g103.s
      At line 187 in file startup_acm32g103.s

FPU_IRQHandler 0000001A

Symbol: FPU_IRQHandler
   Definitions
      At line 274 in file startup_acm32g103.s
   Uses
      At line 99 in file startup_acm32g103.s
      At line 216 in file startup_acm32g103.s

HardFault_Handler 0000000A

Symbol: HardFault_Handler
   Definitions
      At line 128 in file startup_acm32g103.s
   Uses
      At line 34 in file startup_acm32g103.s
      At line 129 in file startup_acm32g103.s

I2C1_IRQHandler 0000001A

Symbol: I2C1_IRQHandler
   Definitions
      At line 257 in file startup_acm32g103.s
   Uses
      At line 82 in file startup_acm32g103.s
      At line 199 in file startup_acm32g103.s

I2C2_IRQHandler 0000001A

Symbol: I2C2_IRQHandler
   Definitions
      At line 258 in file startup_acm32g103.s
   Uses
      At line 83 in file startup_acm32g103.s
      At line 200 in file startup_acm32g103.s

I2S1_IRQHandler 0000001A

Symbol: I2S1_IRQHandler
   Definitions



ARM Macro Assembler    Page 5 Alphabetic symbol ordering
Relocatable symbols

      At line 262 in file startup_acm32g103.s
   Uses
      At line 87 in file startup_acm32g103.s
      At line 204 in file startup_acm32g103.s

I2S2_IRQHandler 0000001A

Symbol: I2S2_IRQHandler
   Definitions
      At line 263 in file startup_acm32g103.s
   Uses
      At line 88 in file startup_acm32g103.s
      At line 205 in file startup_acm32g103.s

IWDT_WAKEUP_IRQHandler 0000001A

Symbol: IWDT_WAKEUP_IRQHandler
   Definitions
      At line 279 in file startup_acm32g103.s
   Uses
      At line 104 in file startup_acm32g103.s
      At line 221 in file startup_acm32g103.s

LPTIM1_IRQHandler 0000001A

Symbol: LPTIM1_IRQHandler
   Definitions
      At line 271 in file startup_acm32g103.s
   Uses
      At line 96 in file startup_acm32g103.s
      At line 213 in file startup_acm32g103.s

LPUART1_IRQHandler 0000001A

Symbol: LPUART1_IRQHandler
   Definitions
      At line 270 in file startup_acm32g103.s
   Uses
      At line 95 in file startup_acm32g103.s
      At line 212 in file startup_acm32g103.s

LVD_IRQHandler 0000001A

Symbol: LVD_IRQHandler
   Definitions
      At line 225 in file startup_acm32g103.s
   Uses
      At line 50 in file startup_acm32g103.s
      At line 167 in file startup_acm32g103.s

MemManage_Handler 0000000C

Symbol: MemManage_Handler
   Definitions
      At line 133 in file startup_acm32g103.s
   Uses
      At line 35 in file startup_acm32g103.s
      At line 134 in file startup_acm32g103.s




ARM Macro Assembler    Page 6 Alphabetic symbol ordering
Relocatable symbols

NMI_Handler 00000008

Symbol: NMI_Handler
   Definitions
      At line 123 in file startup_acm32g103.s
   Uses
      At line 33 in file startup_acm32g103.s
      At line 124 in file startup_acm32g103.s

PendSV_Handler 00000016

Symbol: PendSV_Handler
   Definitions
      At line 156 in file startup_acm32g103.s
   Uses
      At line 45 in file startup_acm32g103.s
      At line 157 in file startup_acm32g103.s

RSV1_IRQHandler 0000001A

Symbol: RSV1_IRQHandler
   Definitions
      At line 227 in file startup_acm32g103.s
   Uses
      At line 52 in file startup_acm32g103.s
      At line 169 in file startup_acm32g103.s

RSV2_IRQHandler 0000001A

Symbol: RSV2_IRQHandler
   Definitions
      At line 239 in file startup_acm32g103.s
   Uses
      At line 64 in file startup_acm32g103.s
      At line 181 in file startup_acm32g103.s

RSV3_IRQHandler 0000001A

Symbol: RSV3_IRQHandler
   Definitions
      At line 272 in file startup_acm32g103.s
   Uses
      At line 97 in file startup_acm32g103.s
      At line 214 in file startup_acm32g103.s

RSV4_IRQHandler 0000001A

Symbol: RSV4_IRQHandler
   Definitions
      At line 275 in file startup_acm32g103.s
   Uses
      At line 100 in file startup_acm32g103.s
      At line 217 in file startup_acm32g103.s

RTC_IRQHandler 0000001A

Symbol: RTC_IRQHandler
   Definitions
      At line 226 in file startup_acm32g103.s



ARM Macro Assembler    Page 7 Alphabetic symbol ordering
Relocatable symbols

   Uses
      At line 51 in file startup_acm32g103.s
      At line 168 in file startup_acm32g103.s

Reset_Handler 00000000

Symbol: Reset_Handler
   Definitions
      At line 107 in file startup_acm32g103.s
   Uses
      At line 32 in file startup_acm32g103.s
      At line 108 in file startup_acm32g103.s

SPI1_IRQHandler 0000001A

Symbol: SPI1_IRQHandler
   Definitions
      At line 259 in file startup_acm32g103.s
   Uses
      At line 84 in file startup_acm32g103.s
      At line 201 in file startup_acm32g103.s

SPI2_IRQHandler 0000001A

Symbol: SPI2_IRQHandler
   Definitions
      At line 260 in file startup_acm32g103.s
   Uses
      At line 85 in file startup_acm32g103.s
      At line 202 in file startup_acm32g103.s

SPI3_IRQHandler 0000001A

Symbol: SPI3_IRQHandler
   Definitions
      At line 261 in file startup_acm32g103.s
   Uses
      At line 86 in file startup_acm32g103.s
      At line 203 in file startup_acm32g103.s

SRAM_PARITY_IRQHandler 0000001A

Symbol: SRAM_PARITY_IRQHandler
   Definitions
      At line 229 in file startup_acm32g103.s
   Uses
      At line 54 in file startup_acm32g103.s
      At line 171 in file startup_acm32g103.s

STOP_RESET_IRQHandler 0000001A

Symbol: STOP_RESET_IRQHandler
   Definitions
      At line 276 in file startup_acm32g103.s
   Uses
      At line 101 in file startup_acm32g103.s
      At line 218 in file startup_acm32g103.s

SVC_Handler 00000012



ARM Macro Assembler    Page 8 Alphabetic symbol ordering
Relocatable symbols


Symbol: SVC_Handler
   Definitions
      At line 147 in file startup_acm32g103.s
   Uses
      At line 42 in file startup_acm32g103.s
      At line 148 in file startup_acm32g103.s

SysTick_Handler 00000018

Symbol: SysTick_Handler
   Definitions
      At line 160 in file startup_acm32g103.s
   Uses
      At line 46 in file startup_acm32g103.s
      At line 161 in file startup_acm32g103.s

TIM15_IRQHandler 0000001A

Symbol: TIM15_IRQHandler
   Definitions
      At line 254 in file startup_acm32g103.s
   Uses
      At line 79 in file startup_acm32g103.s
      At line 196 in file startup_acm32g103.s

TIM16_IRQHandler 0000001A

Symbol: TIM16_IRQHandler
   Definitions
      At line 255 in file startup_acm32g103.s
   Uses
      At line 80 in file startup_acm32g103.s
      At line 197 in file startup_acm32g103.s

TIM17_IRQHandler 0000001A

Symbol: TIM17_IRQHandler
   Definitions
      At line 256 in file startup_acm32g103.s
   Uses
      At line 81 in file startup_acm32g103.s
      At line 198 in file startup_acm32g103.s

TIM1_BRK_UP_TRG_COM_IRQHandler 0000001A

Symbol: TIM1_BRK_UP_TRG_COM_IRQHandler
   Definitions
      At line 246 in file startup_acm32g103.s
   Uses
      At line 71 in file startup_acm32g103.s
      At line 188 in file startup_acm32g103.s

TIM1_CC_IRQHandler 0000001A

Symbol: TIM1_CC_IRQHandler
   Definitions
      At line 247 in file startup_acm32g103.s
   Uses



ARM Macro Assembler    Page 9 Alphabetic symbol ordering
Relocatable symbols

      At line 72 in file startup_acm32g103.s
      At line 189 in file startup_acm32g103.s

TIM2_IRQHandler 0000001A

Symbol: TIM2_IRQHandler
   Definitions
      At line 248 in file startup_acm32g103.s
   Uses
      At line 73 in file startup_acm32g103.s
      At line 190 in file startup_acm32g103.s

TIM3_IRQHandler 0000001A

Symbol: TIM3_IRQHandler
   Definitions
      At line 249 in file startup_acm32g103.s
   Uses
      At line 74 in file startup_acm32g103.s
      At line 191 in file startup_acm32g103.s

TIM4_IRQHandler 0000001A

Symbol: TIM4_IRQHandler
   Definitions
      At line 277 in file startup_acm32g103.s
   Uses
      At line 102 in file startup_acm32g103.s
      At line 219 in file startup_acm32g103.s

TIM6_IRQHandler 0000001A

Symbol: TIM6_IRQHandler
   Definitions
      At line 250 in file startup_acm32g103.s
   Uses
      At line 75 in file startup_acm32g103.s
      At line 192 in file startup_acm32g103.s

TIM7_IRQHandler 0000001A

Symbol: TIM7_IRQHandler
   Definitions
      At line 251 in file startup_acm32g103.s
   Uses
      At line 76 in file startup_acm32g103.s
      At line 193 in file startup_acm32g103.s

TIM8_BRK_UP_TRG_COM_IRQHandler 0000001A

Symbol: TIM8_BRK_UP_TRG_COM_IRQHandler
   Definitions
      At line 252 in file startup_acm32g103.s
   Uses
      At line 77 in file startup_acm32g103.s
      At line 194 in file startup_acm32g103.s

TIM8_CC_IRQHandler 0000001A




ARM Macro Assembler    Page 10 Alphabetic symbol ordering
Relocatable symbols

Symbol: TIM8_CC_IRQHandler
   Definitions
      At line 253 in file startup_acm32g103.s
   Uses
      At line 78 in file startup_acm32g103.s
      At line 195 in file startup_acm32g103.s

UART1_IRQHandler 0000001A

Symbol: UART1_IRQHandler
   Definitions
      At line 264 in file startup_acm32g103.s
   Uses
      At line 89 in file startup_acm32g103.s
      At line 206 in file startup_acm32g103.s

UART2_IRQHandler 0000001A

Symbol: UART2_IRQHandler
   Definitions
      At line 265 in file startup_acm32g103.s
   Uses
      At line 90 in file startup_acm32g103.s
      At line 207 in file startup_acm32g103.s

UART3_IRQHandler 0000001A

Symbol: UART3_IRQHandler
   Definitions
      At line 266 in file startup_acm32g103.s
   Uses
      At line 91 in file startup_acm32g103.s
      At line 208 in file startup_acm32g103.s

UART4_IRQHandler 0000001A

Symbol: UART4_IRQHandler
   Definitions
      At line 267 in file startup_acm32g103.s
   Uses
      At line 92 in file startup_acm32g103.s
      At line 209 in file startup_acm32g103.s

USB_IRQHandler 0000001A

Symbol: USB_IRQHandler
   Definitions
      At line 242 in file startup_acm32g103.s
   Uses
      At line 67 in file startup_acm32g103.s
      At line 184 in file startup_acm32g103.s

USB_WAKEUP_IRQHandler 0000001A

Symbol: USB_WAKEUP_IRQHandler
   Definitions
      At line 269 in file startup_acm32g103.s
   Uses
      At line 94 in file startup_acm32g103.s



ARM Macro Assembler    Page 11 Alphabetic symbol ordering
Relocatable symbols

      At line 211 in file startup_acm32g103.s

UsageFault_Handler 00000010

Symbol: UsageFault_Handler
   Definitions
      At line 143 in file startup_acm32g103.s
   Uses
      At line 37 in file startup_acm32g103.s
      At line 144 in file startup_acm32g103.s

WDT_IRQHandler 0000001A

Symbol: WDT_IRQHandler
   Definitions
      At line 224 in file startup_acm32g103.s
   Uses
      At line 49 in file startup_acm32g103.s
      At line 166 in file startup_acm32g103.s

68 symbols



ARM Macro Assembler    Page 1 Alphabetic symbol ordering
Absolute symbols

Heap_Size 00000000

Symbol: Heap_Size
   Definitions
      At line 10 in file startup_acm32g103.s
   Uses
      At line 19 in file startup_acm32g103.s
Comment: Heap_Size used once
Stack_Size 00000800

Symbol: Stack_Size
   Definitions
      At line 9 in file startup_acm32g103.s
   Uses
      At line 14 in file startup_acm32g103.s
Comment: Stack_Size used once
2 symbols



ARM Macro Assembler    Page 1 Alphabetic symbol ordering
External symbols

SystemInit 00000000

Symbol: SystemInit
   Definitions
      At line 110 in file startup_acm32g103.s
   Uses
      At line 114 in file startup_acm32g103.s
Comment: SystemInit used once
__main 00000000

Symbol: __main
   Definitions
      At line 109 in file startup_acm32g103.s
   Uses
      At line 118 in file startup_acm32g103.s
Comment: __main used once
2 symbols
416 symbols in table
